# JRE version: Java(TM) SE Runtime Environment (8.0_40-b25) (build 1.8.0_40-b25)
# Java VM: Java HotSpot(TM) 64-Bit Server VM (25.40-b25 mixed mode windows-amd64 compressed oops)
Heap:
 PSYoungGen      total 21504K, used 17054K [0x00000000eb200000, 0x00000000ec980000, 0x0000000100000000)
  eden space 18944K, 79% used [0x00000000eb200000,0x00000000ec0c5a48,0x00000000ec480000)
  from space 2560K, 75% used [0x00000000ec700000,0x00000000ec8e2020,0x00000000ec980000)
  to   space 2560K, 0% used [0x00000000ec480000,0x00000000ec480000,0x00000000ec700000)
 ParOldGen       total 44032K, used 14959K [0x00000000c1600000, 0x00000000c4100000, 0x00000000eb200000)
  object space 44032K, 33% used [0x00000000c1600000,0x00000000c249bf50,0x00000000c4100000)
 Metaspace       used 12560K, capacity 12766K, committed 13056K, reserved 1060864K
  class space    used 1425K, capacity 1484K, committed 1536K, reserved 1048576K
GC Heap History (10 events):
Event: 43.904 GC heap before
{Heap before GC invocations=54 (full 0):
 PSYoungGen      total 21504K, used 20271K [0x00000000eb200000, 0x00000000ec980000, 0x0000000100000000)
  eden space 18944K, 96% used [0x00000000eb200000,0x00000000ec3f1c48,0x00000000ec480000)
  from space 2560K, 74% used [0x00000000ec480000,0x00000000ec65a020,0x00000000ec700000)
  to   space 2560K, 0% used [0x00000000ec700000,0x00000000ec700000,0x00000000ec980000)
 ParOldGen       total 44032K, used 14019K [0x00000000c1600000, 0x00000000c4100000, 0x00000000eb200000)
  object space 44032K, 31% used [0x00000000c1600000,0x00000000c23b0f40,0x00000000c4100000)
 Metaspace       used 12493K, capacity 12702K, committed 13056K, reserved 1060864K
  class space    used 1419K, capacity 1484K, committed 1536K, reserved 1048576K
Event: 43.906 GC heap after
Heap after GC invocations=54 (full 0):
 PSYoungGen      total 21504K, used 1864K [0x00000000eb200000, 0x00000000ec980000, 0x0000000100000000)
  eden space 18944K, 0% used [0x00000000eb200000,0x00000000eb200000,0x00000000ec480000)
  from space 2560K, 72% used [0x00000000ec700000,0x00000000ec8d2020,0x00000000ec980000)
  to   space 2560K, 0% used [0x00000000ec480000,0x00000000ec480000,0x00000000ec700000)
 ParOldGen       total 44032K, used 14019K [0x00000000c1600000, 0x00000000c4100000, 0x00000000eb200000)
  object space 44032K, 31% used [0x00000000c1600000,0x00000000c23b0f40,0x00000000c4100000)
 Metaspace       used 12493K, capacity 12702K, committed 13056K, reserved 1060864K
  class space    used 1419K, capacity 1484K, committed 1536K, reserved 1048576K
}
Event: 44.576 GC heap before
{Heap before GC invocations=55 (full 0):
 PSYoungGen      total 21504K, used 20313K [0x00000000eb200000, 0x00000000ec980000, 0x0000000100000000)
  eden space 18944K, 97% used [0x00000000eb200000,0x00000000ec4047b0,0x00000000ec480000)
  from space 2560K, 72% used [0x00000000ec700000,0x00000000ec8d2020,0x00000000ec980000)
  to   space 2560K, 0% used [0x00000000ec480000,0x00000000ec480000,0x00000000ec700000)
 ParOldGen       total 44032K, used 14019K [0x00000000c1600000, 0x00000000c4100000, 0x00000000eb200000)
  object space 44032K, 31% used [0x00000000c1600000,0x00000000c23b0f40,0x00000000c4100000)
 Metaspace       used 12496K, capacity 12702K, committed 13056K, reserved 1060864K
  class space    used 1419K, capacity 1484K, committed 1536K, reserved 1048576K
Event: 44.578 GC heap after
Heap after GC invocations=55 (full 0):
 PSYoungGen      total 21504K, used 1928K [0x00000000eb200000, 0x00000000ec980000, 0x0000000100000000)
  eden space 18944K, 0% used [0x00000000eb200000,0x00000000eb200000,0x00000000ec480000)
  from space 2560K, 75% used [0x00000000ec480000,0x00000000ec662020,0x00000000ec700000)
  to   space 2560K, 0% used [0x00000000ec700000,0x00000000ec700000,0x00000000ec980000)
 ParOldGen       total 44032K, used 14019K [0x00000000c1600000, 0x00000000c4100000, 0x00000000eb200000)
  object space 44032K, 31% used [0x00000000c1600000,0x00000000c23b0f40,0x00000000c4100000)
 Metaspace       used 12496K, capacity 12702K, committed 13056K, reserved 1060864K
  class space    used 1419K, capacity 1484K, committed 1536K, reserved 1048576K
}
Event: 45.249 GC heap before
{Heap before GC invocations=56 (full 0):
 PSYoungGen      total 21504K, used 20350K [0x00000000eb200000, 0x00000000ec980000, 0x0000000100000000)
  eden space 18944K, 97% used [0x00000000eb200000,0x00000000ec3fd7f0,0x00000000ec480000)
  from space 2560K, 75% used [0x00000000ec480000,0x00000000ec662020,0x00000000ec700000)
  to   space 2560K, 0% used [0x00000000ec700000,0x00000000ec700000,0x00000000ec980000)
 ParOldGen       total 44032K, used 14019K [0x00000000c1600000, 0x00000000c4100000, 0x00000000eb200000)
  object space 44032K, 31% used [0x00000000c1600000,0x00000000c23b0f40,0x00000000c4100000)
 Metaspace       used 12513K, capacity 12702K, committed 13056K, reserved 1060864K
  class space    used 1419K, capacity 1484K, committed 1536K, reserved 1048576K
Event: 45.251 GC heap after
Heap after GC invocations=56 (full 0):
 PSYoungGen      total 21504K, used 1896K [0x00000000eb200000, 0x00000000ec980000, 0x0000000100000000)
  eden space 18944K, 0% used [0x00000000eb200000,0x00000000eb200000,0x00000000ec480000)
  from space 2560K, 74% used [0x00000000ec700000,0x00000000ec8da020,0x00000000ec980000)
  to   space 2560K, 0% used [0x00000000ec480000,0x00000000ec480000,0x00000000ec700000)
 ParOldGen       total 44032K, used 14027K [0x00000000c1600000, 0x00000000c4100000, 0x00000000eb200000)
  object space 44032K, 31% used [0x00000000c1600000,0x00000000c23b2f40,0x00000000c4100000)
 Metaspace       used 12513K, capacity 12702K, committed 13056K, reserved 1060864K
  class space    used 1419K, capacity 1484K, committed 1536K, reserved 1048576K
}
Event: 45.929 GC heap before
{Heap before GC invocations=57 (full 0):
 PSYoungGen      total 21504K, used 20361K [0x00000000eb200000, 0x00000000ec980000, 0x0000000100000000)
  eden space 18944K, 97% used [0x00000000eb200000,0x00000000ec408538,0x00000000ec480000)
  from space 2560K, 74% used [0x00000000ec700000,0x00000000ec8da020,0x00000000ec980000)
  to   space 2560K, 0% used [0x00000000ec480000,0x00000000ec480000,0x00000000ec700000)
 ParOldGen       total 44032K, used 14027K [0x00000000c1600000, 0x00000000c4100000, 0x00000000eb200000)
  object space 44032K, 31% used [0x00000000c1600000,0x00000000c23b2f40,0x00000000c4100000)
 Metaspace       used 12533K, capacity 12702K, committed 13056K, reserved 1060864K
  class space    used 1419K, capacity 1484K, committed 1536K, reserved 1048576K
Event: 45.932 GC heap after
Heap after GC invocations=57 (full 0):
 PSYoungGen      total 21504K, used 1896K [0x00000000eb200000, 0x00000000ec980000, 0x0000000100000000)
  eden space 18944K, 0% used [0x00000000eb200000,0x00000000eb200000,0x00000000ec480000)
  from space 2560K, 74% used [0x00000000ec480000,0x00000000ec65a020,0x00000000ec700000)
  to   space 2560K, 0% used [0x00000000ec700000,0x00000000ec700000,0x00000000ec980000)
 ParOldGen       total 44032K, used 14043K [0x00000000c1600000, 0x00000000c4100000, 0x00000000eb200000)
  object space 44032K, 31% used [0x00000000c1600000,0x00000000c23b6f40,0x00000000c4100000)
 Metaspace       used 12533K, capacity 12702K, committed 13056K, reserved 1060864K
  class space    used 1419K, capacity 1484K, committed 1536K, reserved 1048576K
}
Event: 46.576 GC heap before
{Heap before GC invocations=58 (full 0):
 PSYoungGen      total 21504K, used 20310K [0x00000000eb200000, 0x00000000ec980000, 0x0000000100000000)
  eden space 18944K, 97% used [0x00000000eb200000,0x00000000ec3fba60,0x00000000ec480000)
  from space 2560K, 74% used [0x00000000ec480000,0x00000000ec65a020,0x00000000ec700000)
  to   space 2560K, 0% used [0x00000000ec700000,0x00000000ec700000,0x00000000ec980000)
 ParOldGen       total 44032K, used 14043K [0x00000000c1600000, 0x00000000c4100000, 0x00000000eb200000)
  object space 44032K, 31% used [0x00000000c1600000,0x00000000c23b6f40,0x00000000c4100000)
 Metaspace       used 12534K, capacity 12702K, committed 13056K, reserved 1060864K
  class space    used 1419K, capacity 1484K, committed 1536K, reserved 1048576K
Event: 46.579 GC heap after
Heap after GC invocations=58 (full 0):
 PSYoungGen      total 21504K, used 1928K [0x00000000eb200000, 0x00000000ec980000, 0x0000000100000000)
  eden space 18944K, 0% used [0x00000000eb200000,0x00000000eb200000,0x00000000ec480000)
  from space 2560K, 75% used [0x00000000ec700000,0x00000000ec8e2020,0x00000000ec980000)
  to   space 2560K, 0% used [0x00000000ec480000,0x00000000ec480000,0x00000000ec700000)
 ParOldGen       total 44032K, used 14959K [0x00000000c1600000, 0x00000000c4100000, 0x00000000eb200000)
  object space 44032K, 33% used [0x00000000c1600000,0x00000000c249bf50,0x00000000c4100000)
 Metaspace       used 12534K, capacity 12702K, committed 13056K, reserved 1060864K
  class space    used 1419K, capacity 1484K, committed 1536K, reserved 1048576K
}

